This file contains any messages produced by compilers while
running configure, to aid debugging if configure makes a mistake.

It was created by libusb configure 1.0.23, which was
generated by GNU Autoconf 2.69.  Invocation command line was

  $ ./configure --prefix=/home/ash1/lab_pro/Ubuntu_16_passportScanner/ubuntu/install --enable-shared=yes --enable-udev=no

## --------- ##
## Platform. ##
## --------- ##

hostname = ash1-HP-Pavilion-Gaming-Laptop-15-cx0xxx
uname -m = x86_64
uname -r = 5.8.0-48-generic
uname -s = Linux
uname -v = #54~20.04.1-Ubuntu SMP Sat Mar 20 13:40:25 UTC 2021

/usr/bin/uname -p = x86_64
/bin/uname -X     = unknown

/bin/arch              = x86_64
/usr/bin/arch -k       = unknown
/usr/convex/getsysinfo = unknown
/usr/bin/hostinfo      = unknown
/bin/machine           = unknown
/usr/bin/oslevel       = unknown
/bin/universe          = unknown

PATH: /home/ash1/.local/bin
PATH: /home/ash1/anaconda3/bin
PATH: /home/ash1/anaconda3/condabin
PATH: /home/ash1/.local/bin
PATH: /usr/local/sbin
PATH: /usr/local/bin
PATH: /usr/sbin
PATH: /usr/bin
PATH: /sbin
PATH: /bin
PATH: /usr/games
PATH: /usr/local/games
PATH: /snap/bin


## ----------- ##
## Core tests. ##
## ----------- ##

configure:2566: checking for a BSD-compatible install
configure:2634: result: /usr/bin/install -c
configure:2645: checking whether build environment is sane
configure:2700: result: yes
configure:2849: checking for a thread-safe mkdir -p
configure:2888: result: /usr/bin/mkdir -p
configure:2895: checking for gawk
configure:2911: found /usr/bin/gawk
configure:2922: result: gawk
configure:2933: checking whether make sets $(MAKE)
configure:2955: result: yes
configure:2984: checking whether make supports nested variables
configure:3001: result: yes
configure:3143: checking whether make supports nested variables
configure:3160: result: yes
configure:3221: checking for gcc
configure:3237: found /usr/bin/gcc
configure:3248: result: gcc
configure:3477: checking for C compiler version
configure:3486: gcc --version >&5
gcc (Ubuntu 9.3.0-17ubuntu1~20.04) 9.3.0
Copyright (C) 2019 Free Software Foundation, Inc.
This is free software; see the source for copying conditions.  There is NO
warranty; not even for MERCHANTABILITY or FITNESS FOR A PARTICULAR PURPOSE.

configure:3497: $? = 0
configure:3486: gcc -v >&5
Using built-in specs.
COLLECT_GCC=gcc
COLLECT_LTO_WRAPPER=/usr/lib/gcc/x86_64-linux-gnu/9/lto-wrapper
OFFLOAD_TARGET_NAMES=nvptx-none:hsa
OFFLOAD_TARGET_DEFAULT=1
Target: x86_64-linux-gnu
Configured with: ../src/configure -v --with-pkgversion='Ubuntu 9.3.0-17ubuntu1~20.04' --with-bugurl=file:///usr/share/doc/gcc-9/README.Bugs --enable-languages=c,ada,c++,go,brig,d,fortran,objc,obj-c++,gm2 --prefix=/usr --with-gcc-major-version-only --program-suffix=-9 --program-prefix=x86_64-linux-gnu- --enable-shared --enable-linker-build-id --libexecdir=/usr/lib --without-included-gettext --enable-threads=posix --libdir=/usr/lib --enable-nls --enable-clocale=gnu --enable-libstdcxx-debug --enable-libstdcxx-time=yes --with-default-libstdcxx-abi=new --enable-gnu-unique-object --disable-vtable-verify --enable-plugin --enable-default-pie --with-system-zlib --with-target-system-zlib=auto --enable-objc-gc=auto --enable-multiarch --disable-werror --with-arch-32=i686 --with-abi=m64 --with-multilib-list=m32,m64,mx32 --enable-multilib --with-tune=generic --enable-offload-targets=nvptx-none=/build/gcc-9-HskZEa/gcc-9-9.3.0/debian/tmp-nvptx/usr,hsa --without-cuda-driver --enable-checking=release --build=x86_64-linux-gnu --host=x86_64-linux-gnu --target=x86_64-linux-gnu
Thread model: posix
gcc version 9.3.0 (Ubuntu 9.3.0-17ubuntu1~20.04) 
configure:3497: $? = 0
configure:3486: gcc -V >&5
gcc: error: unrecognized command line option '-V'
gcc: fatal error: no input files
compilation terminated.
configure:3497: $? = 1
configure:3486: gcc -qversion >&5
gcc: error: unrecognized command line option '-qversion'; did you mean '--version'?
gcc: fatal error: no input files
compilation terminated.
configure:3497: $? = 1
configure:3517: checking whether the C compiler works
configure:3539: gcc -O3 -ffast-math -ftree-vectorize -fno-lto -fPIC -fdata-sections -ffunction-sections -Wl,--gc-sections   conftest.c  >&5
configure:3543: $? = 0
configure:3591: result: yes
configure:3594: checking for C compiler default output file name
configure:3596: result: a.out
configure:3602: checking for suffix of executables
configure:3609: gcc -o conftest -O3 -ffast-math -ftree-vectorize -fno-lto -fPIC -fdata-sections -ffunction-sections -Wl,--gc-sections   conftest.c  >&5
configure:3613: $? = 0
configure:3635: result: 
configure:3657: checking whether we are cross compiling
configure:3665: gcc -o conftest -O3 -ffast-math -ftree-vectorize -fno-lto -fPIC -fdata-sections -ffunction-sections -Wl,--gc-sections   conftest.c  >&5
configure:3669: $? = 0
configure:3676: ./conftest
configure:3680: $? = 0
configure:3668: result: no
configure:3673: checking for suffix of object files
configure:3695: gcc -c -O3 -ffast-math -ftree-vectorize -fno-lto -fPIC -fdata-sections -ffunction-sections -Wl,--gc-sections  conftest.c >&5
configure:3699: $? = 0
configure:3720: result: o
configure:3724: checking whether we are using the GNU C compiler
configure:3743: gcc -c -O3 -ffast-math -ftree-vectorize -fno-lto -fPIC -fdata-sections -ffunction-sections -Wl,--gc-sections  conftest.c >&5
configure:3743: $? = 0
configure:3752: result: yes
configure:3761: checking whether gcc accepts -g
configure:3781: gcc -c -g  conftest.c >&5
configure:3781: $? = 0
configure:3822: result: yes
configure:3839: checking for gcc option to accept ISO C89
configure:3902: gcc  -c -O3 -ffast-math -ftree-vectorize -fno-lto -fPIC -fdata-sections -ffunction-sections -Wl,--gc-sections  conftest.c >&5
configure:3902: $? = 0
configure:3915: result: none needed
configure:3940: checking whether gcc understands -c and -o together
configure:3962: gcc -c conftest.c -o conftest2.o
configure:3965: $? = 0
configure:3962: gcc -c conftest.c -o conftest2.o
configure:3965: $? = 0
configure:3977: result: yes
configure:4005: checking for style of include used by make
configure:4033: result: GNU
configure:4059: checking dependency style of gcc
configure:4170: result: gcc3
configure:4243: checking for g++
configure:4259: found /usr/bin/g++
configure:4270: result: g++
configure:4297: checking for C++ compiler version
configure:4306: g++ --version >&5
g++ (Ubuntu 9.3.0-17ubuntu1~20.04) 9.3.0
Copyright (C) 2019 Free Software Foundation, Inc.
This is free software; see the source for copying conditions.  There is NO
warranty; not even for MERCHANTABILITY or FITNESS FOR A PARTICULAR PURPOSE.

configure:4317: $? = 0
configure:4306: g++ -v >&5
Using built-in specs.
COLLECT_GCC=g++
COLLECT_LTO_WRAPPER=/usr/lib/gcc/x86_64-linux-gnu/9/lto-wrapper
OFFLOAD_TARGET_NAMES=nvptx-none:hsa
OFFLOAD_TARGET_DEFAULT=1
Target: x86_64-linux-gnu
Configured with: ../src/configure -v --with-pkgversion='Ubuntu 9.3.0-17ubuntu1~20.04' --with-bugurl=file:///usr/share/doc/gcc-9/README.Bugs --enable-languages=c,ada,c++,go,brig,d,fortran,objc,obj-c++,gm2 --prefix=/usr --with-gcc-major-version-only --program-suffix=-9 --program-prefix=x86_64-linux-gnu- --enable-shared --enable-linker-build-id --libexecdir=/usr/lib --without-included-gettext --enable-threads=posix --libdir=/usr/lib --enable-nls --enable-clocale=gnu --enable-libstdcxx-debug --enable-libstdcxx-time=yes --with-default-libstdcxx-abi=new --enable-gnu-unique-object --disable-vtable-verify --enable-plugin --enable-default-pie --with-system-zlib --with-target-system-zlib=auto --enable-objc-gc=auto --enable-multiarch --disable-werror --with-arch-32=i686 --with-abi=m64 --with-multilib-list=m32,m64,mx32 --enable-multilib --with-tune=generic --enable-offload-targets=nvptx-none=/build/gcc-9-HskZEa/gcc-9-9.3.0/debian/tmp-nvptx/usr,hsa --without-cuda-driver --enable-checking=release --build=x86_64-linux-gnu --host=x86_64-linux-gnu --target=x86_64-linux-gnu
Thread model: posix
gcc version 9.3.0 (Ubuntu 9.3.0-17ubuntu1~20.04) 
configure:4317: $? = 0
configure:4306: g++ -V >&5
g++: error: unrecognized command line option '-V'
g++: fatal error: no input files
compilation terminated.
configure:4317: $? = 1
configure:4306: g++ -qversion >&5
g++: error: unrecognized command line option '-qversion'; did you mean '--version'?
g++: fatal error: no input files
compilation terminated.
configure:4317: $? = 1
configure:4321: checking whether we are using the GNU C++ compiler
configure:4340: g++ -c -O3 -ffast-math -ftree-vectorize -fno-lto -fPIC -fdata-sections -ffunction-sections -Wl,--gc-sections  conftest.cpp >&5
configure:4340: $? = 0
configure:4349: result: yes
configure:4358: checking whether g++ accepts -g
configure:4378: g++ -c -g  conftest.cpp >&5
configure:4378: $? = 0
configure:4419: result: yes
configure:4444: checking dependency style of g++
configure:4555: result: gcc3
configure:4599: checking build system type
configure:4613: result: x86_64-pc-linux-gnu
configure:4633: checking host system type
configure:4646: result: x86_64-pc-linux-gnu
configure:4687: checking how to print strings
configure:4714: result: printf
configure:4735: checking for a sed that does not truncate output
configure:4799: result: /usr/bin/sed
configure:4817: checking for grep that handles long lines and -e
configure:4875: result: /usr/bin/grep
configure:4880: checking for egrep
configure:4942: result: /usr/bin/grep -E
configure:4947: checking for fgrep
configure:5009: result: /usr/bin/grep -F
configure:5044: checking for ld used by gcc
configure:5111: result: /usr/bin/ld
configure:5118: checking if the linker (/usr/bin/ld) is GNU ld
configure:5133: result: yes
configure:5145: checking for BSD- or MS-compatible name lister (nm)
configure:5199: result: /usr/bin/nm -B
configure:5329: checking the name lister (/usr/bin/nm -B) interface
configure:5336: gcc -c -O3 -ffast-math -ftree-vectorize -fno-lto -fPIC -fdata-sections -ffunction-sections -Wl,--gc-sections  conftest.c >&5
configure:5339: /usr/bin/nm -B "conftest.o"
configure:5342: output
0000000000000000 B some_variable
configure:5343: result: BSD nm
configure:5346: checking whether ln -s works
configure:5350: result: yes
configure:5358: checking the maximum length of command line arguments
configure:5489: result: 1572864
configure:5537: checking how to convert x86_64-pc-linux-gnu file names to x86_64-pc-linux-gnu format
configure:5577: result: func_convert_file_noop
configure:5584: checking how to convert x86_64-pc-linux-gnu file names to toolchain format
configure:5604: result: func_convert_file_noop
configure:5611: checking for /usr/bin/ld option to reload object files
configure:5618: result: -r
configure:5692: checking for objdump
configure:5708: found /usr/bin/objdump
configure:5719: result: objdump
configure:5751: checking how to recognize dependent libraries
configure:5951: result: pass_all
configure:6036: checking for dlltool
configure:6066: result: no
configure:6096: checking how to associate runtime and link libraries
configure:6123: result: printf %s\n
configure:6184: checking for ar
configure:6200: found /usr/bin/ar
configure:6211: result: ar
configure:6248: checking for archiver @FILE support
configure:6265: gcc -c -O3 -ffast-math -ftree-vectorize -fno-lto -fPIC -fdata-sections -ffunction-sections -Wl,--gc-sections  conftest.c >&5
configure:6265: $? = 0
configure:6268: ar cru libconftest.a @conftest.lst >&5
ar: `u' modifier ignored since `D' is the default (see `U')
configure:6271: $? = 0
configure:6276: ar cru libconftest.a @conftest.lst >&5
ar: `u' modifier ignored since `D' is the default (see `U')
ar: conftest.o: No such file or directory
configure:6279: $? = 1
configure:6278: result: @
configure:6336: checking for strip
configure:6352: found /usr/bin/strip
configure:6363: result: strip
configure:6435: checking for ranlib
configure:6451: found /usr/bin/ranlib
configure:6462: result: ranlib
configure:6564: checking command to parse /usr/bin/nm -B output from gcc object
configure:6717: gcc -c -O3 -ffast-math -ftree-vectorize -fno-lto -fPIC -fdata-sections -ffunction-sections -Wl,--gc-sections  conftest.c >&5
configure:6720: $? = 0
configure:6724: /usr/bin/nm -B conftest.o \| sed -n -e 's/^.*[ ]\([ABCDGIRSTW][ABCDGIRSTW]*\)[ ][ ]*\([_A-Za-z][_A-Za-z0-9]*\)$/\1 \2 \2/p' | sed '/ __gnu_lto/d' \> conftest.nm
configure:6727: $? = 0
configure:6793: gcc -o conftest -O3 -ffast-math -ftree-vectorize -fno-lto -fPIC -fdata-sections -ffunction-sections -Wl,--gc-sections   conftest.c conftstm.o >&5
configure:6796: $? = 0
configure:6834: result: ok
configure:6881: checking for sysroot
configure:6911: result: no
configure:6918: checking for a working dd
configure:6956: result: /usr/bin/dd
configure:6960: checking how to truncate binary pipes
configure:6975: result: /usr/bin/dd bs=4096 count=1
configure:7111: gcc -c -O3 -ffast-math -ftree-vectorize -fno-lto -fPIC -fdata-sections -ffunction-sections -Wl,--gc-sections  conftest.c >&5
configure:7114: $? = 0
configure:7304: checking for mt
configure:7320: found /usr/bin/mt
configure:7331: result: mt
configure:7354: checking if mt is a manifest tool
configure:7360: mt '-?'
configure:7368: result: no
configure:8045: checking how to run the C preprocessor
configure:8076: gcc -E  conftest.c
configure:8076: $? = 0
configure:8090: gcc -E  conftest.c
conftest.c:11:10: fatal error: ac_nonexistent.h: No such file or directory
   11 | #include <ac_nonexistent.h>
      |          ^~~~~~~~~~~~~~~~~~
compilation terminated.
configure:8090: $? = 1
configure: failed program was:
| /* confdefs.h */
| #define PACKAGE_NAME "libusb"
| #define PACKAGE_TARNAME "libusb"
| #define PACKAGE_VERSION "1.0.23"
| #define PACKAGE_STRING "libusb 1.0.23"
| #define PACKAGE_BUGREPORT "libusb-devel@lists.sourceforge.net"
| #define PACKAGE_URL "http://libusb.info"
| #define PACKAGE "libusb"
| #define VERSION "1.0.23"
| /* end confdefs.h.  */
| #include <ac_nonexistent.h>
configure:8115: result: gcc -E
configure:8135: gcc -E  conftest.c
configure:8135: $? = 0
configure:8149: gcc -E  conftest.c
conftest.c:11:10: fatal error: ac_nonexistent.h: No such file or directory
   11 | #include <ac_nonexistent.h>
      |          ^~~~~~~~~~~~~~~~~~
compilation terminated.
configure:8149: $? = 1
configure: failed program was:
| /* confdefs.h */
| #define PACKAGE_NAME "libusb"
| #define PACKAGE_TARNAME "libusb"
| #define PACKAGE_VERSION "1.0.23"
| #define PACKAGE_STRING "libusb 1.0.23"
| #define PACKAGE_BUGREPORT "libusb-devel@lists.sourceforge.net"
| #define PACKAGE_URL "http://libusb.info"
| #define PACKAGE "libusb"
| #define VERSION "1.0.23"
| /* end confdefs.h.  */
| #include <ac_nonexistent.h>
configure:8178: checking for ANSI C header files
configure:8198: gcc -c -O3 -ffast-math -ftree-vectorize -fno-lto -fPIC -fdata-sections -ffunction-sections -Wl,--gc-sections  conftest.c >&5
configure:8198: $? = 0
configure:8271: gcc -o conftest -O3 -ffast-math -ftree-vectorize -fno-lto -fPIC -fdata-sections -ffunction-sections -Wl,--gc-sections   conftest.c  >&5
configure:8271: $? = 0
configure:8271: ./conftest
configure:8271: $? = 0
configure:8282: result: yes
configure:8295: checking for sys/types.h
configure:8295: gcc -c -O3 -ffast-math -ftree-vectorize -fno-lto -fPIC -fdata-sections -ffunction-sections -Wl,--gc-sections  conftest.c >&5
configure:8295: $? = 0
configure:8295: result: yes
configure:8295: checking for sys/stat.h
configure:8295: gcc -c -O3 -ffast-math -ftree-vectorize -fno-lto -fPIC -fdata-sections -ffunction-sections -Wl,--gc-sections  conftest.c >&5
configure:8295: $? = 0
configure:8295: result: yes
configure:8295: checking for stdlib.h
configure:8295: gcc -c -O3 -ffast-math -ftree-vectorize -fno-lto -fPIC -fdata-sections -ffunction-sections -Wl,--gc-sections  conftest.c >&5
configure:8295: $? = 0
configure:8295: result: yes
configure:8295: checking for string.h
configure:8295: gcc -c -O3 -ffast-math -ftree-vectorize -fno-lto -fPIC -fdata-sections -ffunction-sections -Wl,--gc-sections  conftest.c >&5
configure:8295: $? = 0
configure:8295: result: yes
configure:8295: checking for memory.h
configure:8295: gcc -c -O3 -ffast-math -ftree-vectorize -fno-lto -fPIC -fdata-sections -ffunction-sections -Wl,--gc-sections  conftest.c >&5
configure:8295: $? = 0
configure:8295: result: yes
configure:8295: checking for strings.h
configure:8295: gcc -c -O3 -ffast-math -ftree-vectorize -fno-lto -fPIC -fdata-sections -ffunction-sections -Wl,--gc-sections  conftest.c >&5
configure:8295: $? = 0
configure:8295: result: yes
configure:8295: checking for inttypes.h
configure:8295: gcc -c -O3 -ffast-math -ftree-vectorize -fno-lto -fPIC -fdata-sections -ffunction-sections -Wl,--gc-sections  conftest.c >&5
configure:8295: $? = 0
configure:8295: result: yes
configure:8295: checking for stdint.h
configure:8295: gcc -c -O3 -ffast-math -ftree-vectorize -fno-lto -fPIC -fdata-sections -ffunction-sections -Wl,--gc-sections  conftest.c >&5
configure:8295: $? = 0
configure:8295: result: yes
configure:8295: checking for unistd.h
configure:8295: gcc -c -O3 -ffast-math -ftree-vectorize -fno-lto -fPIC -fdata-sections -ffunction-sections -Wl,--gc-sections  conftest.c >&5
configure:8295: $? = 0
configure:8295: result: yes
configure:8309: checking for dlfcn.h
configure:8309: gcc -c -O3 -ffast-math -ftree-vectorize -fno-lto -fPIC -fdata-sections -ffunction-sections -Wl,--gc-sections  conftest.c >&5
configure:8309: $? = 0
configure:8309: result: yes
configure:8576: checking for objdir
configure:8591: result: .libs
configure:8855: checking if gcc supports -fno-rtti -fno-exceptions
configure:8873: gcc -c -O3 -ffast-math -ftree-vectorize -fno-lto -fPIC -fdata-sections -ffunction-sections -Wl,--gc-sections  -fno-rtti -fno-exceptions conftest.c >&5
cc1: warning: command line option '-fno-rtti' is valid for C++/D/ObjC++ but not for C
configure:8877: $? = 0
configure:8890: result: no
configure:9248: checking for gcc option to produce PIC
configure:9255: result: -fPIC -DPIC
configure:9263: checking if gcc PIC flag -fPIC -DPIC works
configure:9281: gcc -c -O3 -ffast-math -ftree-vectorize -fno-lto -fPIC -fdata-sections -ffunction-sections -Wl,--gc-sections  -fPIC -DPIC -DPIC conftest.c >&5
configure:9285: $? = 0
configure:9298: result: yes
configure:9327: checking if gcc static flag -static works
configure:9355: result: yes
configure:9370: checking if gcc supports -c -o file.o
configure:9391: gcc -c -O3 -ffast-math -ftree-vectorize -fno-lto -fPIC -fdata-sections -ffunction-sections -Wl,--gc-sections  -o out/conftest2.o conftest.c >&5
configure:9395: $? = 0
configure:9417: result: yes
configure:9425: checking if gcc supports -c -o file.o
configure:9472: result: yes
configure:9505: checking whether the gcc linker (/usr/bin/ld -m elf_x86_64) supports shared libraries
configure:10768: result: yes
configure:10805: checking whether -lc should be explicitly linked in
configure:10813: gcc -c -O3 -ffast-math -ftree-vectorize -fno-lto -fPIC -fdata-sections -ffunction-sections -Wl,--gc-sections  conftest.c >&5
configure:10816: $? = 0
configure:10831: gcc -shared  -fPIC -DPIC conftest.o  -v -Wl,-soname -Wl,conftest -o conftest 2\>\&1 \| /usr/bin/grep  -lc  \>/dev/null 2\>\&1
configure:10834: $? = 0
configure:10848: result: no
configure:11008: checking dynamic linker characteristics
configure:11589: gcc -o conftest -O3 -ffast-math -ftree-vectorize -fno-lto -fPIC -fdata-sections -ffunction-sections -Wl,--gc-sections   -Wl,-rpath -Wl,/foo conftest.c  >&5
configure:11589: $? = 0
configure:11838: result: GNU/Linux ld.so
configure:11960: checking how to hardcode library paths into programs
configure:11985: result: immediate
configure:12533: checking whether stripping libraries is possible
configure:12538: result: yes
configure:12573: checking if libtool supports shared libraries
configure:12575: result: yes
configure:12578: checking whether to build shared libraries
configure:12603: result: yes
configure:12606: checking whether to build static libraries
configure:12610: result: yes
configure:9409: checking how to run the C++ preprocessor
configure:9436: g++ -E  conftest.cpp
configure:9436: $? = 0
configure:9450: g++ -E  conftest.cpp
conftest.cpp:23:10: fatal error: ac_nonexistent.h: No such file or directory
   23 | #include <ac_nonexistent.h>
      |          ^~~~~~~~~~~~~~~~~~
compilation terminated.
configure:9450: $? = 1
configure: failed program was:
| /* confdefs.h */
| #define PACKAGE_NAME "libusb"
| #define PACKAGE_TARNAME "libusb"
| #define PACKAGE_VERSION "1.0.23"
| #define PACKAGE_STRING "libusb 1.0.23"
| #define PACKAGE_BUGREPORT "libusb-devel@lists.sourceforge.net"
| #define PACKAGE_URL "http://libusb.info"
| #define PACKAGE "libusb"
| #define VERSION "1.0.23"
| #define STDC_HEADERS 1
| #define HAVE_SYS_TYPES_H 1
| #define HAVE_SYS_STAT_H 1
| #define HAVE_STDLIB_H 1
| #define HAVE_STRING_H 1
| #define HAVE_MEMORY_H 1
| #define HAVE_STRINGS_H 1
| #define HAVE_INTTYPES_H 1
| #define HAVE_STDINT_H 1
| #define HAVE_UNISTD_H 1
| #define HAVE_DLFCN_H 1
| #define LT_OBJDIR ".libs/"
| /* end confdefs.h.  */
| #include <ac_nonexistent.h>
configure:9475: result: g++ -E
configure:9495: g++ -E  conftest.cpp
configure:9495: $? = 0
configure:9509: g++ -E  conftest.cpp
conftest.cpp:23:10: fatal error: ac_nonexistent.h: No such file or directory
   23 | #include <ac_nonexistent.h>
      |          ^~~~~~~~~~~~~~~~~~
compilation terminated.
configure:9509: $? = 1
configure: failed program was:
| /* confdefs.h */
| #define PACKAGE_NAME "libusb"
| #define PACKAGE_TARNAME "libusb"
| #define PACKAGE_VERSION "1.0.23"
| #define PACKAGE_STRING "libusb 1.0.23"
| #define PACKAGE_BUGREPORT "libusb-devel@lists.sourceforge.net"
| #define PACKAGE_URL "http://libusb.info"
| #define PACKAGE "libusb"
| #define VERSION "1.0.23"
| #define STDC_HEADERS 1
| #define HAVE_SYS_TYPES_H 1
| #define HAVE_SYS_STAT_H 1
| #define HAVE_STDLIB_H 1
| #define HAVE_STRING_H 1
| #define HAVE_MEMORY_H 1
| #define HAVE_STRINGS_H 1
| #define HAVE_INTTYPES_H 1
| #define HAVE_STDINT_H 1
| #define HAVE_UNISTD_H 1
| #define HAVE_DLFCN_H 1
| #define LT_OBJDIR ".libs/"
| /* end confdefs.h.  */
| #include <ac_nonexistent.h>
configure:9671: checking for ld used by g++
configure:9738: result: /usr/bin/ld -m elf_x86_64
configure:9745: checking if the linker (/usr/bin/ld -m elf_x86_64) is GNU ld
configure:9760: result: yes
configure:9815: checking whether the g++ linker (/usr/bin/ld -m elf_x86_64) supports shared libraries
configure:10888: result: yes
configure:10924: g++ -c -O3 -ffast-math -ftree-vectorize -fno-lto -fPIC -fdata-sections -ffunction-sections -Wl,--gc-sections  conftest.cpp >&5
configure:10927: $? = 0
configure:11408: checking for g++ option to produce PIC
configure:11415: result: -fPIC -DPIC
configure:11423: checking if g++ PIC flag -fPIC -DPIC works
configure:11441: g++ -c -O3 -ffast-math -ftree-vectorize -fno-lto -fPIC -fdata-sections -ffunction-sections -Wl,--gc-sections  -fPIC -DPIC -DPIC conftest.cpp >&5
configure:11445: $? = 0
configure:11458: result: yes
configure:11481: checking if g++ static flag -static works
configure:11509: result: yes
configure:11521: checking if g++ supports -c -o file.o
configure:11542: g++ -c -O3 -ffast-math -ftree-vectorize -fno-lto -fPIC -fdata-sections -ffunction-sections -Wl,--gc-sections  -o out/conftest2.o conftest.cpp >&5
configure:11546: $? = 0
configure:11568: result: yes
configure:11573: checking if g++ supports -c -o file.o
configure:11620: result: yes
configure:11650: checking whether the g++ linker (/usr/bin/ld -m elf_x86_64) supports shared libraries
configure:11693: result: yes
configure:11834: checking dynamic linker characteristics
configure:12591: result: GNU/Linux ld.so
configure:12656: checking how to hardcode library paths into programs
configure:12681: result: immediate
configure:11616: checking for windres
configure:11646: result: no
configure:11743: checking for inline
configure:11759: gcc -c -O3 -ffast-math -ftree-vectorize -fno-lto -fPIC -fdata-sections -ffunction-sections -Wl,--gc-sections  conftest.c >&5
configure:11759: $? = 0
configure:11767: result: inline
configure:11792: checking operating system
configure:11807: result: Linux
configure:11866: checking for library containing clock_gettime
configure:11897: gcc -o conftest -O3 -ffast-math -ftree-vectorize -fno-lto -fPIC -fdata-sections -ffunction-sections -Wl,--gc-sections   conftest.c  >&5
configure:11897: $? = 0
configure:11914: result: none required
configure:11998: checking asm/types.h usability
configure:11998: gcc -c -O3 -ffast-math -ftree-vectorize -fno-lto -fPIC -fdata-sections -ffunction-sections -Wl,--gc-sections  conftest.c >&5
configure:11998: $? = 0
configure:11998: result: yes
configure:11998: checking asm/types.h presence
configure:11998: gcc -E  conftest.c
configure:11998: $? = 0
configure:11998: result: yes
configure:11998: checking for asm/types.h
configure:11998: result: yes
configure:12011: checking for sys/socket.h
configure:12011: gcc -c -O3 -ffast-math -ftree-vectorize -fno-lto -fPIC -fdata-sections -ffunction-sections -Wl,--gc-sections  conftest.c >&5
configure:12011: $? = 0
configure:12011: result: yes
configure:12011: checking for linux/netlink.h
configure:12011: gcc -c -O3 -ffast-math -ftree-vectorize -fno-lto -fPIC -fdata-sections -ffunction-sections -Wl,--gc-sections  conftest.c >&5
configure:12011: $? = 0
configure:12011: result: yes
configure:12039: checking poll.h usability
configure:12039: gcc -c -O3 -ffast-math -ftree-vectorize -fno-lto -fPIC -fdata-sections -ffunction-sections -Wl,--gc-sections  conftest.c >&5
configure:12039: $? = 0
configure:12039: result: yes
configure:12039: checking poll.h presence
configure:12039: gcc -E  conftest.c
configure:12039: $? = 0
configure:12039: result: yes
configure:12039: checking for poll.h
configure:12039: result: yes
configure:12284: checking sys/timerfd.h usability
configure:12284: gcc -c -O3 -ffast-math -ftree-vectorize -fno-lto -fPIC -fdata-sections -ffunction-sections -Wl,--gc-sections  conftest.c >&5
configure:12284: $? = 0
configure:12284: result: yes
configure:12284: checking sys/timerfd.h presence
configure:12284: gcc -E  conftest.c
configure:12284: $? = 0
configure:12284: result: yes
configure:12284: checking for sys/timerfd.h
configure:12284: result: yes
configure:12304: checking whether TFD_NONBLOCK is declared
configure:12304: gcc -c -O3 -ffast-math -ftree-vectorize -fno-lto -fPIC -fdata-sections -ffunction-sections -Wl,--gc-sections  conftest.c >&5
configure:12304: $? = 0
configure:12304: result: yes
configure:12320: checking whether TFD_CLOEXEC is declared
configure:12320: gcc -c -O3 -ffast-math -ftree-vectorize -fno-lto -fPIC -fdata-sections -ffunction-sections -Wl,--gc-sections  conftest.c >&5
configure:12320: $? = 0
configure:12320: result: yes
configure:12341: checking whether to use timerfd for timing
configure:12348: result: yes
configure:12361: checking for pipe2
configure:12361: gcc -o conftest -O3 -ffast-math -ftree-vectorize -fno-lto -fPIC -fdata-sections -ffunction-sections -Wl,--gc-sections   conftest.c  -pthread >&5
configure:12361: $? = 0
configure:12361: result: yes
configure:12370: checking for struct timespec
configure:12370: gcc -c -O3 -ffast-math -ftree-vectorize -fno-lto -fPIC -fdata-sections -ffunction-sections -Wl,--gc-sections  conftest.c >&5
configure:12370: $? = 0
configure:12370: gcc -c -O3 -ffast-math -ftree-vectorize -fno-lto -fPIC -fdata-sections -ffunction-sections -Wl,--gc-sections  conftest.c >&5
conftest.c: In function 'main':
conftest.c:71:30: error: expected expression before ')' token
   71 | if (sizeof ((struct timespec)))
      |                              ^
configure:12370: $? = 1
configure: failed program was:
| /* confdefs.h */
| #define PACKAGE_NAME "libusb"
| #define PACKAGE_TARNAME "libusb"
| #define PACKAGE_VERSION "1.0.23"
| #define PACKAGE_STRING "libusb 1.0.23"
| #define PACKAGE_BUGREPORT "libusb-devel@lists.sourceforge.net"
| #define PACKAGE_URL "http://libusb.info"
| #define PACKAGE "libusb"
| #define VERSION "1.0.23"
| #define STDC_HEADERS 1
| #define HAVE_SYS_TYPES_H 1
| #define HAVE_SYS_STAT_H 1
| #define HAVE_STDLIB_H 1
| #define HAVE_STRING_H 1
| #define HAVE_MEMORY_H 1
| #define HAVE_STRINGS_H 1
| #define HAVE_INTTYPES_H 1
| #define HAVE_STDINT_H 1
| #define HAVE_UNISTD_H 1
| #define HAVE_DLFCN_H 1
| #define LT_OBJDIR ".libs/"
| #define _GNU_SOURCE 1
| #define OS_LINUX 1
| #define HAVE_ASM_TYPES_H 1
| #define HAVE_SYS_SOCKET_H 1
| #define HAVE_LINUX_NETLINK_H 1
| #define HAVE_POLL_H 1
| #define POLL_NFDS_TYPE nfds_t
| #define THREADS_POSIX 1
| #define HAVE_DECL_TFD_NONBLOCK 1
| #define HAVE_DECL_TFD_CLOEXEC 1
| #define USBI_TIMERFD_AVAILABLE 1
| #define HAVE_PIPE2 1
| /* end confdefs.h.  */
| #include <stdio.h>
| #ifdef HAVE_SYS_TYPES_H
| # include <sys/types.h>
| #endif
| #ifdef HAVE_SYS_STAT_H
| # include <sys/stat.h>
| #endif
| #ifdef STDC_HEADERS
| # include <stdlib.h>
| # include <stddef.h>
| #else
| # ifdef HAVE_STDLIB_H
| #  include <stdlib.h>
| # endif
| #endif
| #ifdef HAVE_STRING_H
| # if !defined STDC_HEADERS && defined HAVE_MEMORY_H
| #  include <memory.h>
| # endif
| # include <string.h>
| #endif
| #ifdef HAVE_STRINGS_H
| # include <strings.h>
| #endif
| #ifdef HAVE_INTTYPES_H
| # include <inttypes.h>
| #endif
| #ifdef HAVE_STDINT_H
| # include <stdint.h>
| #endif
| #ifdef HAVE_UNISTD_H
| # include <unistd.h>
| #endif
| int
| main ()
| {
| if (sizeof ((struct timespec)))
| 	    return 0;
|   ;
|   return 0;
| }
configure:12370: result: yes
configure:12484: checking sys/time.h usability
configure:12484: gcc -c -O3 -ffast-math -ftree-vectorize -fno-lto -fPIC -fdata-sections -ffunction-sections -Wl,--gc-sections  conftest.c >&5
configure:12484: $? = 0
configure:12484: result: yes
configure:12484: checking sys/time.h presence
configure:12484: gcc -E  conftest.c
configure:12484: $? = 0
configure:12484: result: yes
configure:12484: checking for sys/time.h
configure:12484: result: yes
configure:12496: checking for sigaction
configure:12496: gcc -o conftest -O3 -ffast-math -ftree-vectorize -fno-lto -fPIC -fdata-sections -ffunction-sections -Wl,--gc-sections   conftest.c  -pthread >&5
configure:12496: $? = 0
configure:12496: result: yes
configure:12527: gcc -c -O3 -ffast-math -ftree-vectorize -fno-lto -fPIC -fdata-sections -ffunction-sections -Wl,--gc-sections -Werror -fvisibility=hidden  conftest.c >&5
configure:12527: $? = 0
configure:12555: gcc -c -O3 -ffast-math -ftree-vectorize -fno-lto -fPIC -fdata-sections -ffunction-sections -Wl,--gc-sections -Wno-pointer-sign  conftest.c >&5
configure:12555: $? = 0
configure:12566: checking whether CC supports -std=gnu99
configure:12579: gcc -c -std=gnu99  conftest.c >&5
configure:12579: $? = 0
configure:12580: result: yes
configure:12711: checking that generated files are newer than configure
configure:12717: result: done
configure:12796: creating ./config.status

## ---------------------- ##
## Running config.status. ##
## ---------------------- ##

This file was extended by libusb config.status 1.0.23, which was
generated by GNU Autoconf 2.69.  Invocation command line was

  CONFIG_FILES    = 
  CONFIG_HEADERS  = 
  CONFIG_LINKS    = 
  CONFIG_COMMANDS = 
  $ ./config.status 

on ash1-HP-Pavilion-Gaming-Laptop-15-cx0xxx

config.status:1253: creating libusb-1.0.pc
config.status:1253: creating Makefile
config.status:1253: creating libusb/Makefile
config.status:1253: creating examples/Makefile
config.status:1253: creating tests/Makefile
config.status:1253: creating doc/Makefile
config.status:1253: creating doc/doxygen.cfg
config.status:1253: creating config.h
config.status:1434: config.h is unchanged
config.status:1482: executing depfiles commands
config.status:1482: executing libtool commands

## ---------------- ##
## Cache variables. ##
## ---------------- ##

ac_cv_build=x86_64-pc-linux-gnu
ac_cv_c_compiler_gnu=yes
ac_cv_c_inline=inline
ac_cv_cxx_compiler_gnu=yes
ac_cv_env_CCC_set=
ac_cv_env_CCC_value=
ac_cv_env_CC_set=
ac_cv_env_CC_value=
ac_cv_env_CFLAGS_set=set
ac_cv_env_CFLAGS_value='-O3 -ffast-math -ftree-vectorize -fno-lto -fPIC -fdata-sections -ffunction-sections -Wl,--gc-sections'
ac_cv_env_CPPFLAGS_set=
ac_cv_env_CPPFLAGS_value=
ac_cv_env_CPP_set=
ac_cv_env_CPP_value=
ac_cv_env_CXXCPP_set=
ac_cv_env_CXXCPP_value=
ac_cv_env_CXXFLAGS_set=set
ac_cv_env_CXXFLAGS_value='-O3 -ffast-math -ftree-vectorize -fno-lto -fPIC -fdata-sections -ffunction-sections -Wl,--gc-sections'
ac_cv_env_CXX_set=
ac_cv_env_CXX_value=
ac_cv_env_LDFLAGS_set=
ac_cv_env_LDFLAGS_value=
ac_cv_env_LIBS_set=
ac_cv_env_LIBS_value=
ac_cv_env_LT_SYS_LIBRARY_PATH_set=
ac_cv_env_LT_SYS_LIBRARY_PATH_value=
ac_cv_env_build_alias_set=
ac_cv_env_build_alias_value=
ac_cv_env_host_alias_set=
ac_cv_env_host_alias_value=
ac_cv_env_target_alias_set=
ac_cv_env_target_alias_value=
ac_cv_func_pipe2=yes
ac_cv_func_sigaction=yes
ac_cv_have_decl_TFD_CLOEXEC=yes
ac_cv_have_decl_TFD_NONBLOCK=yes
ac_cv_header_asm_types_h=yes
ac_cv_header_dlfcn_h=yes
ac_cv_header_inttypes_h=yes
ac_cv_header_linux_netlink_h=yes
ac_cv_header_memory_h=yes
ac_cv_header_poll_h=yes
ac_cv_header_stdc=yes
ac_cv_header_stdint_h=yes
ac_cv_header_stdlib_h=yes
ac_cv_header_string_h=yes
ac_cv_header_strings_h=yes
ac_cv_header_sys_socket_h=yes
ac_cv_header_sys_stat_h=yes
ac_cv_header_sys_time_h=yes
ac_cv_header_sys_timerfd_h=yes
ac_cv_header_sys_types_h=yes
ac_cv_header_unistd_h=yes
ac_cv_host=x86_64-pc-linux-gnu
ac_cv_objext=o
ac_cv_path_EGREP='/usr/bin/grep -E'
ac_cv_path_FGREP='/usr/bin/grep -F'
ac_cv_path_GREP=/usr/bin/grep
ac_cv_path_SED=/usr/bin/sed
ac_cv_path_install='/usr/bin/install -c'
ac_cv_path_lt_DD=/usr/bin/dd
ac_cv_path_mkdir=/usr/bin/mkdir
ac_cv_prog_AWK=gawk
ac_cv_prog_CPP='gcc -E'
ac_cv_prog_CXXCPP='g++ -E'
ac_cv_prog_ac_ct_AR=ar
ac_cv_prog_ac_ct_CC=gcc
ac_cv_prog_ac_ct_CXX=g++
ac_cv_prog_ac_ct_MANIFEST_TOOL=mt
ac_cv_prog_ac_ct_OBJDUMP=objdump
ac_cv_prog_ac_ct_RANLIB=ranlib
ac_cv_prog_ac_ct_STRIP=strip
ac_cv_prog_cc_c89=
ac_cv_prog_cc_g=yes
ac_cv_prog_cxx_g=yes
ac_cv_prog_make_make_set=yes
ac_cv_search_clock_gettime='none required'
ac_cv_type_struct_timespec=yes
am_cv_CC_dependencies_compiler_type=gcc3
am_cv_CXX_dependencies_compiler_type=gcc3
am_cv_make_support_nested_variables=yes
am_cv_prog_cc_c_o=yes
lt_cv_ar_at_file=@
lt_cv_archive_cmds_need_lc=no
lt_cv_deplibs_check_method=pass_all
lt_cv_file_magic_cmd='$MAGIC_CMD'
lt_cv_file_magic_test_file=
lt_cv_ld_reload_flag=-r
lt_cv_nm_interface='BSD nm'
lt_cv_objdir=.libs
lt_cv_path_LD=/usr/bin/ld
lt_cv_path_LDCXX='/usr/bin/ld -m elf_x86_64'
lt_cv_path_NM='/usr/bin/nm -B'
lt_cv_path_mainfest_tool=no
lt_cv_prog_compiler_c_o=yes
lt_cv_prog_compiler_c_o_CXX=yes
lt_cv_prog_compiler_c_o_RC=yes
lt_cv_prog_compiler_pic='-fPIC -DPIC'
lt_cv_prog_compiler_pic_CXX='-fPIC -DPIC'
lt_cv_prog_compiler_pic_works=yes
lt_cv_prog_compiler_pic_works_CXX=yes
lt_cv_prog_compiler_rtti_exceptions=no
lt_cv_prog_compiler_static_works=yes
lt_cv_prog_compiler_static_works_CXX=yes
lt_cv_prog_gnu_ld=yes
lt_cv_prog_gnu_ldcxx=yes
lt_cv_sharedlib_from_linklib_cmd='printf %s\n'
lt_cv_shlibpath_overrides_runpath=yes
lt_cv_sys_global_symbol_pipe='sed -n -e '\''s/^.*[	 ]\([ABCDGIRSTW][ABCDGIRSTW]*\)[	 ][	 ]*\([_A-Za-z][_A-Za-z0-9]*\)$/\1 \2 \2/p'\'' | sed '\''/ __gnu_lto/d'\'''
lt_cv_sys_global_symbol_to_c_name_address='sed -n -e '\''s/^: \(.*\) .*$/  {"\1", (void *) 0},/p'\'' -e '\''s/^[ABCDGIRSTW][ABCDGIRSTW]* .* \(.*\)$/  {"\1", (void *) \&\1},/p'\'''
lt_cv_sys_global_symbol_to_c_name_address_lib_prefix='sed -n -e '\''s/^: \(.*\) .*$/  {"\1", (void *) 0},/p'\'' -e '\''s/^[ABCDGIRSTW][ABCDGIRSTW]* .* \(lib.*\)$/  {"\1", (void *) \&\1},/p'\'' -e '\''s/^[ABCDGIRSTW][ABCDGIRSTW]* .* \(.*\)$/  {"lib\1", (void *) \&\1},/p'\'''
lt_cv_sys_global_symbol_to_cdecl='sed -n -e '\''s/^T .* \(.*\)$/extern int \1();/p'\'' -e '\''s/^[ABCDGIRSTW][ABCDGIRSTW]* .* \(.*\)$/extern char \1;/p'\'''
lt_cv_sys_global_symbol_to_import=
lt_cv_sys_max_cmd_len=1572864
lt_cv_to_host_file_cmd=func_convert_file_noop
lt_cv_to_tool_file_cmd=func_convert_file_noop
lt_cv_truncate_bin='/usr/bin/dd bs=4096 count=1'

## ----------------- ##
## Output variables. ##
## ----------------- ##

ACLOCAL='${SHELL} /home/ash1/lab_pro/Ubuntu_16_passportScanner/ubuntu/libusb-1.0.23/missing aclocal-1.15'
AMDEPBACKSLASH='\'
AMDEP_FALSE='#'
AMDEP_TRUE=''
AMTAR='$${TAR-tar}'
AM_BACKSLASH='\'
AM_CFLAGS=' -std=gnu99 -Wall -Wundef -Wunused -Wstrict-prototypes -Werror-implicit-function-declaration -Wno-pointer-sign -Wshadow -pthread -fvisibility=hidden'
AM_DEFAULT_V='$(AM_DEFAULT_VERBOSITY)'
AM_DEFAULT_VERBOSITY='0'
AM_V='$(V)'
AR='ar'
AUTOCONF='${SHELL} /home/ash1/lab_pro/Ubuntu_16_passportScanner/ubuntu/libusb-1.0.23/missing autoconf'
AUTOHEADER='${SHELL} /home/ash1/lab_pro/Ubuntu_16_passportScanner/ubuntu/libusb-1.0.23/missing autoheader'
AUTOMAKE='${SHELL} /home/ash1/lab_pro/Ubuntu_16_passportScanner/ubuntu/libusb-1.0.23/missing automake-1.15'
AWK='gawk'
BUILD_EXAMPLES_FALSE=''
BUILD_EXAMPLES_TRUE='#'
BUILD_TESTS_FALSE=''
BUILD_TESTS_TRUE='#'
CC='gcc'
CCDEPMODE='depmode=gcc3'
CFLAGS='-O3 -ffast-math -ftree-vectorize -fno-lto -fPIC -fdata-sections -ffunction-sections -Wl,--gc-sections'
CPP='gcc -E'
CPPFLAGS=''
CREATE_IMPORT_LIB_FALSE=''
CREATE_IMPORT_LIB_TRUE='#'
CXX='g++'
CXXCPP='g++ -E'
CXXDEPMODE='depmode=gcc3'
CXXFLAGS='-O3 -ffast-math -ftree-vectorize -fno-lto -fPIC -fdata-sections -ffunction-sections -Wl,--gc-sections'
CYGPATH_W='echo'
DEFS='-DHAVE_CONFIG_H'
DEPDIR='.deps'
DLLTOOL='false'
DSYMUTIL=''
DUMPBIN=''
ECHO_C=''
ECHO_N='-n'
ECHO_T=''
EGREP='/usr/bin/grep -E'
EXEEXT=''
FGREP='/usr/bin/grep -F'
GREP='/usr/bin/grep'
HAVE_SIGACTION_FALSE='#'
HAVE_SIGACTION_TRUE=''
INSTALL_DATA='${INSTALL} -m 644'
INSTALL_PROGRAM='${INSTALL}'
INSTALL_SCRIPT='${INSTALL}'
INSTALL_STRIP_PROGRAM='$(install_sh) -c -s'
LD='/usr/bin/ld -m elf_x86_64'
LDFLAGS=''
LIBOBJS=''
LIBS=' -pthread'
LIBTOOL='$(SHELL) $(top_builddir)/libtool'
LIPO=''
LN_S='ln -s'
LTLDFLAGS='-version-info 2:0:2 -no-undefined'
LTLIBOBJS=''
LT_SYS_LIBRARY_PATH=''
MAKEINFO='${SHELL} /home/ash1/lab_pro/Ubuntu_16_passportScanner/ubuntu/libusb-1.0.23/missing makeinfo'
MANIFEST_TOOL=':'
MKDIR_P='/usr/bin/mkdir -p'
NM='/usr/bin/nm -B'
NMEDIT=''
OBJDUMP='objdump'
OBJEXT='o'
OS_DARWIN=''
OS_DARWIN_FALSE=''
OS_DARWIN_TRUE='#'
OS_HAIKU=''
OS_HAIKU_FALSE=''
OS_HAIKU_TRUE='#'
OS_LINUX=''
OS_LINUX_FALSE='#'
OS_LINUX_TRUE=''
OS_NETBSD=''
OS_NETBSD_FALSE=''
OS_NETBSD_TRUE='#'
OS_OPENBSD=''
OS_OPENBSD_FALSE=''
OS_OPENBSD_TRUE='#'
OS_SUNOS=''
OS_SUNOS_FALSE=''
OS_SUNOS_TRUE='#'
OS_WINDOWS=''
OS_WINDOWS_FALSE=''
OS_WINDOWS_TRUE='#'
OTOOL64=''
OTOOL=''
PACKAGE='libusb'
PACKAGE_BUGREPORT='libusb-devel@lists.sourceforge.net'
PACKAGE_NAME='libusb'
PACKAGE_STRING='libusb 1.0.23'
PACKAGE_TARNAME='libusb'
PACKAGE_URL='http://libusb.info'
PACKAGE_VERSION='1.0.23'
PATH_SEPARATOR=':'
RANLIB='ranlib'
RC=''
SED='/usr/bin/sed'
SET_MAKE=''
SHELL='/bin/bash'
STRIP='strip'
THREADS_POSIX_FALSE='#'
THREADS_POSIX_TRUE=''
USE_UDEV=''
USE_UDEV_FALSE=''
USE_UDEV_TRUE='#'
VERSION='1.0.23'
ac_ct_AR='ar'
ac_ct_CC='gcc'
ac_ct_CXX='g++'
ac_ct_DUMPBIN=''
am__EXEEXT_FALSE=''
am__EXEEXT_TRUE='#'
am__fastdepCC_FALSE='#'
am__fastdepCC_TRUE=''
am__fastdepCXX_FALSE='#'
am__fastdepCXX_TRUE=''
am__include='include'
am__isrc=''
am__leading_dot='.'
am__nodep='_no'
am__quote=''
am__tar='$${TAR-tar} chof - "$$tardir"'
am__untar='$${TAR-tar} xf -'
bindir='${exec_prefix}/bin'
build='x86_64-pc-linux-gnu'
build_alias=''
build_cpu='x86_64'
build_os='linux-gnu'
build_vendor='pc'
datadir='${datarootdir}'
datarootdir='${prefix}/share'
docdir='${datarootdir}/doc/${PACKAGE_TARNAME}'
dvidir='${docdir}'
exec_prefix='${prefix}'
host='x86_64-pc-linux-gnu'
host_alias=''
host_cpu='x86_64'
host_os='linux-gnu'
host_vendor='pc'
htmldir='${docdir}'
includedir='${prefix}/include'
infodir='${datarootdir}/info'
install_sh='${SHELL} /home/ash1/lab_pro/Ubuntu_16_passportScanner/ubuntu/libusb-1.0.23/install-sh'
libdir='${exec_prefix}/lib'
libexecdir='${exec_prefix}/libexec'
localedir='${datarootdir}/locale'
localstatedir='${prefix}/var'
mandir='${datarootdir}/man'
mkdir_p='$(MKDIR_P)'
oldincludedir='/usr/include'
pdfdir='${docdir}'
prefix='/home/ash1/lab_pro/Ubuntu_16_passportScanner/ubuntu/install'
program_transform_name='s,x,x,'
psdir='${docdir}'
runstatedir='${localstatedir}/run'
sbindir='${exec_prefix}/sbin'
sharedstatedir='${prefix}/com'
sysconfdir='${prefix}/etc'
target_alias=''

## ----------- ##
## confdefs.h. ##
## ----------- ##

/* confdefs.h */
#define PACKAGE_NAME "libusb"
#define PACKAGE_TARNAME "libusb"
#define PACKAGE_VERSION "1.0.23"
#define PACKAGE_STRING "libusb 1.0.23"
#define PACKAGE_BUGREPORT "libusb-devel@lists.sourceforge.net"
#define PACKAGE_URL "http://libusb.info"
#define PACKAGE "libusb"
#define VERSION "1.0.23"
#define STDC_HEADERS 1
#define HAVE_SYS_TYPES_H 1
#define HAVE_SYS_STAT_H 1
#define HAVE_STDLIB_H 1
#define HAVE_STRING_H 1
#define HAVE_MEMORY_H 1
#define HAVE_STRINGS_H 1
#define HAVE_INTTYPES_H 1
#define HAVE_STDINT_H 1
#define HAVE_UNISTD_H 1
#define HAVE_DLFCN_H 1
#define LT_OBJDIR ".libs/"
#define _GNU_SOURCE 1
#define OS_LINUX 1
#define HAVE_ASM_TYPES_H 1
#define HAVE_SYS_SOCKET_H 1
#define HAVE_LINUX_NETLINK_H 1
#define HAVE_POLL_H 1
#define POLL_NFDS_TYPE nfds_t
#define THREADS_POSIX 1
#define HAVE_DECL_TFD_NONBLOCK 1
#define HAVE_DECL_TFD_CLOEXEC 1
#define USBI_TIMERFD_AVAILABLE 1
#define HAVE_PIPE2 1
#define HAVE_STRUCT_TIMESPEC 1
#define ENABLE_LOGGING 1
#define HAVE_SYS_TIME_H 1
#define DEFAULT_VISIBILITY __attribute__((visibility("default")))

configure: exit 0
